# JRE version: Java(TM) SE Runtime Environment (8.0_144-b01) (build 1.8.0_144-b01)
# Java VM: Java HotSpot(TM) 64-Bit Server VM (25.144-b01 mixed mode linux-amd64 compressed oops)
Heap:
 par new generation   total 3712K, used 3116K [0x00000000c0000000, 0x00000000c0400000, 0x00000000c5330000)
  eden space 3328K,  84% used [0x00000000c0000000, 0x00000000c02bdc60, 0x00000000c0340000)
  from space 384K,  80% used [0x00000000c03a0000, 0x00000000c03ed550, 0x00000000c0400000)
  to   space 384K,   0% used [0x00000000c0340000, 0x00000000c0340000, 0x00000000c03a0000)
 concurrent mark-sweep generation total 67812K, used 48078K [0x00000000c5330000, 0x00000000c9569000, 0x0000000100000000)
 Metaspace       used 43621K, capacity 45758K, committed 45948K, reserved 1087488K
  class space    used 7409K, capacity 8040K, committed 8064K, reserved 1048576K
GC Heap History (10 events):
Event: 197.391 GC heap before
{Heap before GC invocations=154 (full 10):
 par new generation   total 3712K, used 3711K [0x00000000c0000000, 0x00000000c0400000, 0x00000000c5330000)
  eden space 3328K, 100% used [0x00000000c0000000, 0x00000000c0340000, 0x00000000c0340000)
  from space 384K,  99% used [0x00000000c0340000, 0x00000000c039fff8, 0x00000000c03a0000)
  to   space 384K,   0% used [0x00000000c03a0000, 0x00000000c03a0000, 0x00000000c0400000)
 concurrent mark-sweep generation total 67812K, used 50646K [0x00000000c5330000, 0x00000000c9569000, 0x0000000100000000)
 Metaspace       used 43205K, capacity 45054K, committed 45308K, reserved 1087488K
  class space    used 7355K, capacity 7890K, committed 7936K, reserved 1048576K
Event: 197.679 GC heap after
Heap after GC invocations=155 (full 10):
 par new generation   total 3712K, used 384K [0x00000000c0000000, 0x00000000c0400000, 0x00000000c5330000)
  eden space 3328K,   0% used [0x00000000c0000000, 0x00000000c0000000, 0x00000000c0340000)
  from space 384K, 100% used [0x00000000c03a0000, 0x00000000c0400000, 0x00000000c0400000)
  to   space 384K,   0% used [0x00000000c0340000, 0x00000000c0340000, 0x00000000c03a0000)
 concurrent mark-sweep generation total 67812K, used 50961K [0x00000000c5330000, 0x00000000c9569000, 0x0000000100000000)
 Metaspace       used 43205K, capacity 45054K, committed 45308K, reserved 1087488K
  class space    used 7355K, capacity 7890K, committed 7936K, reserved 1048576K
}
Event: 213.007 GC heap before
{Heap before GC invocations=155 (full 11):
 par new generation   total 3712K, used 3712K [0x00000000c0000000, 0x00000000c0400000, 0x00000000c5330000)
  eden space 3328K, 100% used [0x00000000c0000000, 0x00000000c0340000, 0x00000000c0340000)
  from space 384K, 100% used [0x00000000c03a0000, 0x00000000c0400000, 0x00000000c0400000)
  to   space 384K,   0% used [0x00000000c0340000, 0x00000000c0340000, 0x00000000c03a0000)
 concurrent mark-sweep generation total 67812K, used 50961K [0x00000000c5330000, 0x00000000c9569000, 0x0000000100000000)
 Metaspace       used 43342K, capacity 45272K, committed 45436K, reserved 1087488K
  class space    used 7370K, capacity 7940K, committed 8064K, reserved 1048576K
Event: 213.145 GC heap after
Heap after GC invocations=156 (full 11):
 par new generation   total 3712K, used 384K [0x00000000c0000000, 0x00000000c0400000, 0x00000000c5330000)
  eden space 3328K,   0% used [0x00000000c0000000, 0x00000000c0000000, 0x00000000c0340000)
  from space 384K, 100% used [0x00000000c0340000, 0x00000000c03a0000, 0x00000000c03a0000)
  to   space 384K,   0% used [0x00000000c03a0000, 0x00000000c03a0000, 0x00000000c0400000)
 concurrent mark-sweep generation total 67812K, used 51178K [0x00000000c5330000, 0x00000000c9569000, 0x0000000100000000)
 Metaspace       used 43342K, capacity 45272K, committed 45436K, reserved 1087488K
  class space    used 7370K, capacity 7940K, committed 8064K, reserved 1048576K
}
Event: 495.219 GC heap before
{Heap before GC invocations=156 (full 11):
 par new generation   total 3712K, used 3712K [0x00000000c0000000, 0x00000000c0400000, 0x00000000c5330000)
  eden space 3328K, 100% used [0x00000000c0000000, 0x00000000c0340000, 0x00000000c0340000)
  from space 384K, 100% used [0x00000000c0340000, 0x00000000c03a0000, 0x00000000c03a0000)
  to   space 384K,   0% used [0x00000000c03a0000, 0x00000000c03a0000, 0x00000000c0400000)
 concurrent mark-sweep generation total 67812K, used 51112K [0x00000000c5330000, 0x00000000c9569000, 0x0000000100000000)
 Metaspace       used 43460K, capacity 45478K, committed 45692K, reserved 1087488K
  class space    used 7384K, capacity 7980K, committed 8064K, reserved 1048576K
Event: 645.838 GC heap after
Heap after GC invocations=157 (full 11):
 par new generation   total 3712K, used 359K [0x00000000c0000000, 0x00000000c0400000, 0x00000000c5330000)
  eden space 3328K,   0% used [0x00000000c0000000, 0x00000000c0000000, 0x00000000c0340000)
  from space 384K,  93% used [0x00000000c03a0000, 0x00000000c03f9c10, 0x00000000c0400000)
  to   space 384K,   0% used [0x00000000c0340000, 0x00000000c0340000, 0x00000000c03a0000)
 concurrent mark-sweep generation total 67812K, used 51516K [0x00000000c5330000, 0x00000000c9569000, 0x0000000100000000)
 Metaspace       used 43460K, capacity 45478K, committed 45692K, reserved 1087488K
  class space    used 7384K, capacity 7980K, committed 8064K, reserved 1048576K
}
Event: 827.994 GC heap before
{Heap before GC invocations=157 (full 11):
 par new generation   total 3712K, used 3687K [0x00000000c0000000, 0x00000000c0400000, 0x00000000c5330000)
  eden space 3328K, 100% used [0x00000000c0000000, 0x00000000c0340000, 0x00000000c0340000)
  from space 384K,  93% used [0x00000000c03a0000, 0x00000000c03f9c10, 0x00000000c0400000)
  to   space 384K,   0% used [0x00000000c0340000, 0x00000000c0340000, 0x00000000c03a0000)
 concurrent mark-sweep generation total 67812K, used 51400K [0x00000000c5330000, 0x00000000c9569000, 0x0000000100000000)
 Metaspace       used 43519K, capacity 45560K, committed 45692K, reserved 1087488K
  class space    used 7397K, capacity 8006K, committed 8064K, reserved 1048576K
Event: 896.982 GC heap after
Heap after GC invocations=158 (full 11):
 par new generation   total 3712K, used 302K [0x00000000c0000000, 0x00000000c0400000, 0x00000000c5330000)
  eden space 3328K,   0% used [0x00000000c0000000, 0x00000000c0000000, 0x00000000c0340000)
  from space 384K,  78% used [0x00000000c0340000, 0x00000000c038b808, 0x00000000c03a0000)
  to   space 384K,   0% used [0x00000000c03a0000, 0x00000000c03a0000, 0x00000000c0400000)
 concurrent mark-sweep generation total 67812K, used 51400K [0x00000000c5330000, 0x00000000c9569000, 0x0000000100000000)
 Metaspace       used 43519K, capacity 45560K, committed 45692K, reserved 1087488K
  class space    used 7397K, capacity 8006K, committed 8064K, reserved 1048576K
}
Event: 996.189 GC heap before
{Heap before GC invocations=158 (full 11):
 par new generation   total 3712K, used 3630K [0x00000000c0000000, 0x00000000c0400000, 0x00000000c5330000)
  eden space 3328K, 100% used [0x00000000c0000000, 0x00000000c0340000, 0x00000000c0340000)
  from space 384K,  78% used [0x00000000c0340000, 0x00000000c038b808, 0x00000000c03a0000)
  to   space 384K,   0% used [0x00000000c03a0000, 0x00000000c03a0000, 0x00000000c0400000)
 concurrent mark-sweep generation total 67812K, used 51271K [0x00000000c5330000, 0x00000000c9569000, 0x0000000100000000)
 Metaspace       used 43585K, capacity 45686K, committed 45948K, reserved 1087488K
  class space    used 7409K, capacity 8040K, committed 8064K, reserved 1048576K
Event: 1073.978 GC heap after
Heap after GC invocations=159 (full 11):
 par new generation   total 3712K, used 309K [0x00000000c0000000, 0x00000000c0400000, 0x00000000c5330000)
  eden space 3328K,   0% used [0x00000000c0000000, 0x00000000c0000000, 0x00000000c0340000)
  from space 384K,  80% used [0x00000000c03a0000, 0x00000000c03ed550, 0x00000000c0400000)
  to   space 384K,   0% used [0x00000000c0340000, 0x00000000c0340000, 0x00000000c03a0000)
 concurrent mark-sweep generation total 67812K, used 51271K [0x00000000c5330000, 0x00000000c9569000, 0x0000000100000000)
 Metaspace       used 43585K, capacity 45686K, committed 45948K, reserved 1087488K
  class space    used 7409K, capacity 8040K, committed 8064K, reserved 1048576K
}

